<?xml version="1.0" encoding="UTF-8"?>
<!-- Generated by org.testng.reporters.JUnitReportReporter -->
<testsuite hostname="c889f3ed9aa4" failures="0" tests="1" name="com.testScript.InConginto" time="11.929" errors="0" timestamp="2024-10-23T15:17:19 IST" skipped="0">
  <testcase classname="com.testScript.InConginto" name="open" time="11.929"/>
  <system-out/>
</testsuite> <!-- com.testScript.InConginto -->
