<?xml version="1.0" encoding="UTF-8"?>
<!-- Generated by org.testng.reporters.JUnitReportReporter -->
<testsuite hostname="c889f3ed9aa4" failures="0" tests="1" name="com.testScript.Group2" time="0.002" errors="0" timestamp="26 Apr 2024 08:00:02 GMT">
  <testcase classname="com.testScript.Group2" name="xe" time="0.002"/>
</testsuite> <!-- com.testScript.Group2 -->
