<?xml version="1.0" encoding="UTF-8"?>
<!-- Generated by org.testng.reporters.JUnitReportReporter -->
<testsuite hostname="c889f3ed9aa4" failures="0" tests="1" name="com.testScript.ModalWindowDilogueBox" time="12.099" errors="0" timestamp="2024-10-03T17:09:39 IST" skipped="0">
  <testcase classname="com.testScript.ModalWindowDilogueBox" name="open" time="12.099"/>
  <system-out/>
</testsuite> <!-- com.testScript.ModalWindowDilogueBox -->
