<?xml version="1.0" encoding="UTF-8"?>
<!-- Generated by org.testng.reporters.JUnitReportReporter -->
<testsuite hostname="c889f3ed9aa4" failures="0" tests="1" name="com.testScript.Droup3" time="0.012" errors="0" timestamp="2024-10-07T14:11:55 IST" skipped="0">
  <testcase classname="com.testScript.Droup3" name="f" time="0.012"/>
  <system-out/>
</testsuite> <!-- com.testScript.Droup3 -->
