<?xml version="1.0" encoding="UTF-8"?>
<!-- Generated by org.testng.reporters.JUnitReportReporter -->
<testsuite hostname="c889f3ed9aa4" failures="0" tests="1" name="com.testScript.Ja" time="0.014" errors="0" timestamp="2024-06-12T14:48:51 IST" skipped="0">
  <testcase classname="com.testScript.Ja" name="f" time="0.014"/>
  <system-out/>
</testsuite> <!-- com.testScript.Ja -->
