<?xml version="1.0" encoding="UTF-8"?>
<!-- Generated by org.testng.reporters.JUnitReportReporter -->
<testsuite hostname="c889f3ed9aa4" failures="0" tests="1" name="com.testScript.TableXpath" time="24.749" errors="0" timestamp="2024-11-07T17:25:31 IST" skipped="0">
  <testcase classname="com.testScript.TableXpath" name="demo" time="24.749"/>
  <system-out/>
</testsuite> <!-- com.testScript.TableXpath -->
