<?xml version="1.0" encoding="UTF-8"?>
<!-- Generated by org.testng.reporters.JUnitReportReporter -->
<testsuite hostname="c889f3ed9aa4" failures="0" tests="1" name="com.testScript.AutoSuggestion" time="31.086" errors="0" timestamp="2024-10-03T15:19:54 IST" skipped="0">
  <testcase classname="com.testScript.AutoSuggestion" name="open" time="31.086"/>
  <system-out>
    <![CDATA[i phone15
i phone16
i phone14price pro
i phone15 pro
i phone16 pro max
i phone13price
i phone15 256gb
i phone15 pro max
i phone15 plus
i phone14price]]>
  </system-out>
</testsuite> <!-- com.testScript.AutoSuggestion -->
