<?xml version="1.0" encoding="UTF-8"?>
<!-- Generated by org.testng.reporters.JUnitReportReporter -->
<testsuite hostname="c889f3ed9aa4" failures="0" tests="1" name="com.testScript.DataProvider_dataDrivenTesting" time="3.730" errors="0" timestamp="2024-10-07T11:45:26 IST" skipped="0">
  <testcase classname="com.testScript.DataProvider_dataDrivenTesting" name="login" time="3.730"/>
  <system-out/>
</testsuite> <!-- com.testScript.DataProvider_dataDrivenTesting -->
