<?xml version="1.0" encoding="UTF-8"?>
<!-- Generated by org.testng.reporters.JUnitReportReporter -->
<testsuite hostname="c889f3ed9aa4" failures="0" tests="1" name="practice.Practice" time="53.853" errors="0" timestamp="2024-11-09T10:52:54 IST" skipped="0">
  <testcase classname="practice.Practice" name="demo" time="53.853"/>
  <system-out/>
</testsuite> <!-- practice.Practice -->
