<?xml version="1.0" encoding="UTF-8"?>
<!-- Generated by org.testng.reporters.JUnitReportReporter -->
<testsuite hostname="c889f3ed9aa4" failures="0" tests="3" name="priority.Class1" time="0.017" errors="0" timestamp="2024-11-03T17:24:50 IST" skipped="0">
  <testcase classname="priority.Class1" name="x1" time="0.001"/>
  <system-out/>
  <testcase classname="priority.Class1" name="x1" time="0.014"/>
  <system-out/>
  <testcase classname="priority.Class1" name="y1" time="0.002"/>
  <system-out/>
</testsuite> <!-- priority.Class1 -->
