<?xml version="1.0" encoding="UTF-8"?>
<!-- Generated by org.testng.reporters.JUnitReportReporter -->
<testsuite hostname="c889f3ed9aa4" failures="0" tests="1" name="com.testScript.Frames" time="68.506" errors="0" timestamp="2024-10-04T11:00:04 IST" skipped="0">
  <testcase classname="com.testScript.Frames" name="open" time="68.506"/>
  <system-out/>
</testsuite> <!-- com.testScript.Frames -->
