<?xml version="1.0" encoding="UTF-8"?>
<!-- Generated by org.testng.reporters.JUnitReportReporter -->
<testsuite hostname="c889f3ed9aa4" failures="0" tests="2" name="crssBrowser.CrossBrowser_using_Parameter" time="7.263" errors="0" timestamp="2024-10-04T15:45:51 IST" skipped="0">
  <testcase classname="crssBrowser.CrossBrowser_using_Parameter" name="ogin" time="2.674"/>
  <system-out/>
  <testcase classname="crssBrowser.CrossBrowser_using_Parameter" name="ogin" time="4.589"/>
  <system-out/>
</testsuite> <!-- crssBrowser.CrossBrowser_using_Parameter -->
