<?xml version="1.0" encoding="UTF-8"?>
<!-- Generated by org.testng.reporters.JUnitReportReporter -->
<testsuite hostname="c889f3ed9aa4" failures="0" tests="1" name="com.testScript.Assert" time="8.272" errors="0" timestamp="2024-10-07T12:25:45 IST" skipped="0">
  <testcase classname="com.testScript.Assert" name="assertTest" time="8.272"/>
  <system-out/>
</testsuite> <!-- com.testScript.Assert -->
