<?xml version="1.0" encoding="UTF-8"?>
<!-- Generated by org.testng.reporters.JUnitReportReporter -->
<testsuite hostname="c889f3ed9aa4" failures="0" tests="2" name="demo.parallel.Parallel" time="0.017" errors="0" timestamp="2024-10-27T09:33:37 IST" skipped="0">
  <testcase classname="demo.parallel.Parallel" name="test" time="0.010"/>
  <system-out/>
  <testcase classname="demo.parallel.Parallel" name="test" time="0.007"/>
  <system-out/>
</testsuite> <!-- demo.parallel.Parallel -->
