<?xml version="1.0" encoding="UTF-8"?>
<!-- Generated by org.testng.reporters.JUnitReportReporter -->
<testsuite hostname="c889f3ed9aa4" failures="0" tests="1" name="com.testScript.ChildWindowPopup" time="50.324" errors="0" timestamp="2024-10-03T16:10:55 IST" skipped="0">
  <testcase classname="com.testScript.ChildWindowPopup" name="open" time="50.324"/>
  <system-out/>
</testsuite> <!-- com.testScript.ChildWindowPopup -->
