<?xml version="1.0" encoding="UTF-8"?>
<!-- Generated by org.testng.reporters.JUnitReportReporter -->
<testsuite hostname="c889f3ed9aa4" failures="0" tests="2" name="com.testScript.PracticeSession" time="72.145" errors="0" timestamp="26 Apr 2024 07:14:24 GMT">
  <testcase classname="com.testScript.PracticeSession" name="Execute" time="45.776"/>
  <testcase classname="com.testScript.PracticeSession" name="Execute" time="26.369"/>
</testsuite> <!-- com.testScript.PracticeSession -->
