<?xml version="1.0" encoding="UTF-8"?>
<!-- Generated by org.testng.reporters.JUnitReportReporter -->
<testsuite hostname="c889f3ed9aa4" failures="0" tests="1" name="com.testScript.Practice" time="0.018" errors="0" timestamp="2024-11-21T08:38:57 IST" skipped="0">
  <testcase classname="com.testScript.Practice" name="sample" time="0.018"/>
  <system-out/>
</testsuite> <!-- com.testScript.Practice -->
