<?xml version="1.0" encoding="UTF-8"?>
<!-- Generated by org.testng.reporters.JUnitReportReporter -->
<testsuite hostname="c889f3ed9aa4" failures="0" tests="2" name="com.testScript.CrossBrowserTesting" time="35.413" errors="0" timestamp="26 Apr 2024 07:58:25 GMT">
  <testcase classname="com.testScript.CrossBrowserTesting" name="browser" time="17.511"/>
  <testcase classname="com.testScript.CrossBrowserTesting" name="browser" time="17.902"/>
</testsuite> <!-- com.testScript.CrossBrowserTesting -->
