<?xml version="1.0" encoding="UTF-8"?>
<!-- Generated by org.testng.reporters.JUnitReportReporter -->
<testsuite hostname="c889f3ed9aa4" failures="0" tests="1" name="com.testScript.TestClass" time="36.776" errors="0" timestamp="2024-10-03T15:13:13 IST" skipped="0">
  <testcase classname="com.testScript.TestClass" name="loginn" time="36.776"/>
  <system-out/>
</testsuite> <!-- com.testScript.TestClass -->
