<?xml version="1.0" encoding="UTF-8"?>
<!-- Generated by org.testng.reporters.JUnitReportReporter -->
<testsuite hostname="c889f3ed9aa4" failures="0" tests="1" name="com.testScript.GroupExecution" time="0.003" errors="0" timestamp="26 Apr 2024 08:00:02 GMT">
  <testcase classname="com.testScript.GroupExecution" name="a1" time="0.003"/>
</testsuite> <!-- com.testScript.GroupExecution -->
